<?xml version="1.0" encoding="UTF-8" ?>
<testsuite tests="7" failures="0" name="com.lcl.LogTest" time="0.626" errors="0" skipped="0">
  <properties>
[...]
</properties>
  <testcase classname="com.lcl.LogTest" name="testselect" time="0.245"/>
  <testcase classname="com.lcl.LogTest" name="testAddUser" time="0.086"/>
  <testcase classname="com.lcl.LogTest" name="testLog" time="0.001"/>
  <testcase classname="com.lcl.LogTest" name="testLogs" time="0.059"/>
  <testcase classname="com.lcl.LogTest" name="testFilePath" time="0.001"/>
  <testcase classname="com.lcl.LogTest" name="testDelete" time="0.054"/>
  <testcase classname="com.lcl.LogTest" name="testUpdate" time="0.18"/>
</testsuite>